[2022-06-20 06:22:32.833] [jointLog] [info] setting maxHashResizeThreads to 8
[2022-06-20 06:22:32.833] [jointLog] [info] Fragment incompatibility prior below threshold.  Incompatible fragments will be ignored.
[2022-06-20 06:22:32.833] [jointLog] [info] Usage of --validateMappings implies use of minScoreFraction. Since not explicitly specified, it is being set to 0.65
[2022-06-20 06:22:32.834] [jointLog] [info] Setting consensusSlack to selective-alignment default of 0.35.
[2022-06-20 06:22:32.834] [jointLog] [info] parsing read library format
[2022-06-20 06:22:32.840] [jointLog] [info] There is 1 library.
[2022-06-20 06:22:32.855] [jointLog] [info] Loading pufferfish index
[2022-06-20 06:22:32.868] [jointLog] [info] Loading dense pufferfish index.
[2022-06-20 06:23:58.611] [jointLog] [info] done
[2022-06-20 06:24:01.613] [jointLog] [info] Index contained 116,819 targets
[2022-06-20 06:24:02.745] [jointLog] [info] Number of decoys : 61
[2022-06-20 06:24:02.745] [jointLog] [info] First decoy index : 116,719 
[2022-06-20 06:24:41.827] [jointLog] [info] Automatically detected most likely library type as ISR

[2022-06-20 06:27:48.848] [jointLog] [info] Thread saw mini-batch with a maximum of 0.76% zero probability fragments
[2022-06-20 06:27:49.250] [jointLog] [info] Thread saw mini-batch with a maximum of 0.54% zero probability fragments
[2022-06-20 06:27:49.944] [jointLog] [info] Thread saw mini-batch with a maximum of 0.60% zero probability fragments
[2022-06-20 06:27:50.354] [jointLog] [info] Thread saw mini-batch with a maximum of 0.61% zero probability fragments
[2022-06-20 06:27:50.651] [jointLog] [info] Thread saw mini-batch with a maximum of 0.64% zero probability fragments
[2022-06-20 06:27:51.200] [jointLog] [info] Thread saw mini-batch with a maximum of 0.58% zero probability fragments
[2022-06-20 06:27:52.874] [jointLog] [info] Thread saw mini-batch with a maximum of 0.60% zero probability fragments
[2022-06-20 06:27:53.128] [jointLog] [info] Thread saw mini-batch with a maximum of 0.62% zero probability fragments
[2022-06-20 06:27:54.639] [fileLog] [info] 
At end of round 0
==================
Observed 1296478 total fragments (1296478 in most recent round)

[2022-06-20 06:27:54.631] [jointLog] [info] Computed 76,179 rich equivalence classes for further processing
[2022-06-20 06:27:54.632] [jointLog] [info] Counted 712,662 total reads in the equivalence classes 
[2022-06-20 06:27:54.645] [jointLog] [info] Number of mappings discarded because of alignment score : 237,882
[2022-06-20 06:27:54.645] [jointLog] [info] Number of fragments entirely discarded because of alignment score : 83,334
[2022-06-20 06:27:54.645] [jointLog] [info] Number of fragments discarded because they are best-mapped to decoys : 74,967
[2022-06-20 06:27:54.645] [jointLog] [info] Number of fragments discarded because they have only dovetail (discordant) mappings to valid targets : 11,552
[2022-06-20 06:27:54.695] [jointLog] [warning] Only 712662 fragments were mapped, but the number of burn-in fragments was set to 5000000.
The effective lengths have been computed using the observed mappings.

[2022-06-20 06:27:54.695] [jointLog] [info] Mapping rate = 54.9691%

[2022-06-20 06:27:54.695] [jointLog] [info] finished quantifyLibrary()
[2022-06-20 06:27:54.727] [jointLog] [info] Starting optimizer
[2022-06-20 06:27:55.099] [jointLog] [info] Marked 0 weighted equivalence classes as degenerate
[2022-06-20 06:27:55.110] [jointLog] [info] iteration = 0 | max rel diff. = 594.765
[2022-06-20 06:27:56.185] [jointLog] [info] iteration = 100 | max rel diff. = 16.8964
[2022-06-20 06:27:57.240] [jointLog] [info] iteration = 200 | max rel diff. = 3.94294
[2022-06-20 06:27:58.297] [jointLog] [info] iteration = 300 | max rel diff. = 0.192857
[2022-06-20 06:27:59.374] [jointLog] [info] iteration = 400 | max rel diff. = 0.0294869
[2022-06-20 06:28:00.452] [jointLog] [info] iteration = 500 | max rel diff. = 0.320687
[2022-06-20 06:28:01.590] [jointLog] [info] iteration = 600 | max rel diff. = 0.237945
[2022-06-20 06:28:01.664] [jointLog] [info] iteration = 607 | max rel diff. = 0.00783009
[2022-06-20 06:28:01.680] [jointLog] [info] Finished optimizer
[2022-06-20 06:28:01.680] [jointLog] [info] writing output 

